<?xml version="1.0" encoding="UTF-8"?>
<!-- Generated by org.testng.reporters.JUnitReportReporter -->
<testsuite hostname="PP-C02GL0PZMD6M" failures="0" tests="1" name="com.quali.org.qa.TestClasses.LoginTest" time="9.743" errors="0" timestamp="2023-12-13T12:55:13 IST" skipped="0">
  <testcase classname="com.quali.org.qa.TestClasses.LoginTest" name="loginWithValidCredentials" time="9.743"/>
</testsuite> <!-- com.quali.org.qa.TestClasses.LoginTest -->
