<?xml version="1.0" encoding="UTF-8"?>
<!-- Generated by org.testng.reporters.JUnitReportReporter -->
<testsuite hostname="PP-C02GL0PZMD6M" failures="0" tests="1" name="com.quali.org.qa.TestClasses.RegisterTest" time="12.702" errors="0" timestamp="2023-12-05T18:40:49 IST" skipped="0">
  <testcase classname="com.quali.org.qa.TestClasses.RegisterTest" name="RegisterAsNewAccount" time="12.702"/>
</testsuite> <!-- com.quali.org.qa.TestClasses.RegisterTest -->
