<?xml version="1.0" encoding="UTF-8"?>
<!-- Generated by org.testng.reporters.JUnitReportReporter -->
<testsuite hostname="PP-C02GL0PZMD6M" failures="0" tests="2" name="com.quali.org.qa.TestClasses.RegisterTest" time="25.574" errors="0" timestamp="2023-12-13T12:55:13 IST" skipped="0">
  <testcase classname="com.quali.org.qa.TestClasses.RegisterTest" name="RegisterAsNewAccount" time="14.208"/>
  <testcase classname="com.quali.org.qa.TestClasses.RegisterTest" name="assertAllwarnings" time="11.366"/>
</testsuite> <!-- com.quali.org.qa.TestClasses.RegisterTest -->
