<?xml version="1.0" encoding="UTF-8"?>
<!-- Generated by org.testng.reporters.JUnitReportReporter -->
<testsuite hostname="PP-C02GL0PZMD6M" failures="0" tests="2" name="com.quali.org.qa.TestClasses.RegisterTest" time="25.552" errors="0" timestamp="2023-12-13T22:36:38 IST" skipped="0">
  <testcase classname="com.quali.org.qa.TestClasses.RegisterTest" name="RegisterAsNewAccount" time="14.425"/>
  <testcase classname="com.quali.org.qa.TestClasses.RegisterTest" name="assertAllwarnings" time="11.127"/>
</testsuite> <!-- com.quali.org.qa.TestClasses.RegisterTest -->
