<?xml version="1.0" encoding="UTF-8"?>
<!-- Generated by org.testng.reporters.JUnitReportReporter -->
<testsuite hostname="PP-C02GL0PZMD6M" failures="0" tests="1" name="com.quali.org.qa.TestClasses.LoginTest" time="7.693" errors="0" timestamp="2023-12-13T22:36:38 IST" skipped="0">
  <testcase classname="com.quali.org.qa.TestClasses.LoginTest" name="loginWithValidCredentials" time="7.693"/>
</testsuite> <!-- com.quali.org.qa.TestClasses.LoginTest -->
